<?xml version="1.0" encoding="UTF-8"?>
<testsuite xmlns:xsi="http://www.w3.org/2001/XMLSchema-instance" xsi:noNamespaceSchemaLocation="https://maven.apache.org/surefire/maven-surefire-plugin/xsd/surefire-test-report-3.0.xsd" version="3.0" name="com.example.EditMatch.EditMatchApplicationTests" time="6.851" tests="1" errors="0" skipped="0" failures="0">
  <properties>
[...]
</properties>
  <testcase name="contextLoads" classname="com.example.EditMatch.EditMatchApplicationTests" time="0.432">
    <system-out><![CDATA[Standard Commons Logging discovery in action with spring-jcl: please remove commons-logging.jar from classpath in order to avoid potential conflicts
10:37:42.591 [main] INFO org.springframework.test.context.support.AnnotationConfigContextLoaderUtils -- Could not detect default configuration classes for test class [com.example.EditMatch.EditMatchApplicationTests]: EditMatchApplicationTests does not declare any static, non-private, non-final, nested classes annotated with @Configuration.
10:37:42.679 [main] INFO org.springframework.boot.test.context.SpringBootTestContextBootstrapper -- Found @SpringBootConfiguration com.example.EditMatch.EditMatchApplication for test class com.example.EditMatch.EditMatchApplicationTests

  .   ____          _            __ _ _
 /\\ / ___'_ __ _ _(_)_ __  __ _ \ \ \ \
( ( )\___ | '_ | '_| | '_ \/ _` | \ \ \ \
 \\/  ___)| |_)| | | | | || (_| |  ) ) ) )
  '  |____| .__|_| |_|_| |_\__, | / / / /
 =========|_|==============|___/=/_/_/_/
 :: Spring Boot ::                (v3.1.3)

2024-03-12T10:37:42.965-03:00  INFO 29281 --- [           main] c.e.EditMatch.EditMatchApplicationTests  : Starting EditMatchApplicationTests using Java 17.0.10 with PID 29281 (started by victoraugusto in /home/victoraugusto/Documentos/editMatch/backend)
2024-03-12T10:37:42.967-03:00  INFO 29281 --- [           main] c.e.EditMatch.EditMatchApplicationTests  : No active profile set, falling back to 1 default profile: "default"
2024-03-12T10:37:43.870-03:00  INFO 29281 --- [           main] .s.d.r.c.RepositoryConfigurationDelegate : Bootstrapping Spring Data JPA repositories in DEFAULT mode.
2024-03-12T10:37:43.933-03:00  INFO 29281 --- [           main] .s.d.r.c.RepositoryConfigurationDelegate : Finished Spring Data repository scanning in 57 ms. Found 12 JPA repository interfaces.
2024-03-12T10:37:44.412-03:00  INFO 29281 --- [           main] com.zaxxer.hikari.HikariDataSource       : HikariPool-1 - Starting...
2024-03-12T10:37:44.551-03:00  INFO 29281 --- [           main] com.zaxxer.hikari.pool.HikariPool        : HikariPool-1 - Added connection conn0: url=jdbc:h2:mem:editMatch user=ADMIN
2024-03-12T10:37:44.552-03:00  INFO 29281 --- [           main] com.zaxxer.hikari.HikariDataSource       : HikariPool-1 - Start completed.
2024-03-12T10:37:44.586-03:00  INFO 29281 --- [           main] o.hibernate.jpa.internal.util.LogHelper  : HHH000204: Processing PersistenceUnitInfo [name: default]
2024-03-12T10:37:44.623-03:00  INFO 29281 --- [           main] org.hibernate.Version                    : HHH000412: Hibernate ORM core version 6.2.7.Final
2024-03-12T10:37:44.625-03:00  INFO 29281 --- [           main] org.hibernate.cfg.Environment            : HHH000406: Using bytecode reflection optimizer
2024-03-12T10:37:44.733-03:00  INFO 29281 --- [           main] o.h.b.i.BytecodeProviderInitiator        : HHH000021: Bytecode provider name : bytebuddy
2024-03-12T10:37:44.826-03:00  INFO 29281 --- [           main] o.s.o.j.p.SpringPersistenceUnitInfo      : No LoadTimeWeaver setup: ignoring JPA class transformer
2024-03-12T10:37:45.069-03:00  INFO 29281 --- [           main] o.h.b.i.BytecodeProviderInitiator        : HHH000021: Bytecode provider name : bytebuddy
2024-03-12T10:37:45.825-03:00  INFO 29281 --- [           main] o.h.e.t.j.p.i.JtaPlatformInitiator       : HHH000490: Using JtaPlatform implementation: [org.hibernate.engine.transaction.jta.platform.internal.NoJtaPlatform]
Hibernate: 
    drop table if exists ability cascade 
Hibernate: 
    drop table if exists address cascade 
Hibernate: 
    drop table if exists cart cascade 
Hibernate: 
    drop table if exists orders cascade 
Hibernate: 
    drop table if exists pagamento cascade 
Hibernate: 
    drop table if exists portfolio cascade 
Hibernate: 
    drop table if exists servico cascade 
Hibernate: 
    drop table if exists social_network cascade 
Hibernate: 
    drop table if exists social_network_type cascade 
Hibernate: 
    drop table if exists user_has_ability cascade 
Hibernate: 
    drop table if exists usuario cascade 
Hibernate: 
    drop table if exists video cascade 
Hibernate: 
    create table ability (
        id integer generated by default as identity,
        usuario_id integer,
        desc varchar(255),
        nome varchar(255),
        primary key (id)
    )
Hibernate: 
    create table address (
        id integer generated by default as identity,
        bairro varchar(255),
        cep varchar(255),
        cidade varchar(255),
        complemento varchar(255),
        estado varchar(255),
        logradouro varchar(255),
        numero varchar(255),
        primary key (id)
    )
Hibernate: 
    create table cart (
        fk_client integer,
        fk_editor integer,
        id integer generated by default as identity,
        valor_total integer,
        primary key (id)
    )
Hibernate: 
    create table orders (
        fk_client integer,
        fk_editor integer,
        id integer generated by default as identity,
        desc varchar(255),
        skills varchar(255),
        title varchar(255),
        primary key (id)
    )
Hibernate: 
    create table pagamento (
        expiracao_mes integer,
        id integer generated by default as identity,
        servico_id integer unique,
        status integer,
        crate_at timestamp(6),
        primary key (id)
    )
Hibernate: 
    create table portfolio (
        editor_id integer unique,
        id integer generated by default as identity,
        title varchar(255),
        link_yt_video_id varchar(255) array,
        primary key (id)
    )
Hibernate: 
    create table servico (
        created_at date,
        expected_date date,
        finished_at date,
        id integer generated by default as identity,
        updated_at date,
        usuario_cliente_id integer,
        usuario_editor_id integer,
        valor float(53),
        desc varchar(255),
        title varchar(255),
        primary key (id)
    )
Hibernate: 
    create table social_network (
        id integer generated by default as identity,
        social_network_type_id integer,
        user_id integer,
        link varchar(100),
        primary key (id)
    )
Hibernate: 
    create table social_network_type (
        id integer generated by default as identity,
        nome varchar(40),
        icon varchar(100),
        primary key (id)
    )
Hibernate: 
    create table user_has_ability (
        ability_id integer,
        id_user_has_ability integer generated by default as identity,
        user_id integer,
        primary key (id_user_has_ability)
    )
Hibernate: 
    create table usuario (
        address_id integer unique,
        birth date,
        data_entrega date,
        gender integer check ((gender>=0) and (gender<=1)),
        id integer generated by default as identity,
        is_editor boolean,
        valor_hora float(53),
        created_at timestamp(6),
        updated_at timestamp(6),
        dtype varchar(31) not null,
        chave_pix varchar(255),
        cpf varchar(255),
        desc_profile varchar(255),
        email varchar(255),
        last_name varchar(255),
        nome varchar(255),
        password varchar(255),
        rg varchar(255),
        skills varchar(255),
        photo_profile_data blob,
        primary key (id)
    )
Hibernate: 
    create table video (
        id integer generated by default as identity,
        user_id integer,
        descricao varchar(100),
        link varchar(100),
        title varchar(100),
        primary key (id)
    )
Hibernate: 
    alter table if exists ability 
       add constraint FKy7w020k86008y18oa59fdx0j 
       foreign key (usuario_id) 
       references usuario
Hibernate: 
    alter table if exists cart 
       add constraint FK3s65cothrl41qepxr2ph9xa0o 
       foreign key (fk_client) 
       references usuario
Hibernate: 
    alter table if exists cart 
       add constraint FKhdw66361r44b0u08up4wgavo9 
       foreign key (fk_editor) 
       references usuario
Hibernate: 
    alter table if exists orders 
       add constraint FKtm6h5d3kxwewghrcafflvxglm 
       foreign key (fk_client) 
       references usuario
Hibernate: 
    alter table if exists orders 
       add constraint FKh7145mxid3k7v9b7hs023r5wy 
       foreign key (fk_editor) 
       references usuario
Hibernate: 
    alter table if exists pagamento 
       add constraint FKe5gqxw11cmaksaybsl2x06m3m 
       foreign key (servico_id) 
       references servico
Hibernate: 
    alter table if exists portfolio 
       add constraint FK8r5vh8duxaue4q0k18g4myxe5 
       foreign key (editor_id) 
       references usuario
Hibernate: 
    alter table if exists servico 
       add constraint FKsfp6mlcmr1x27nw5bua8ero06 
       foreign key (usuario_cliente_id) 
       references usuario
Hibernate: 
    alter table if exists servico 
       add constraint FK8inco4bu6rx54k0jbk7ljdvxs 
       foreign key (usuario_editor_id) 
       references usuario
Hibernate: 
    alter table if exists social_network 
       add constraint FKs1wqv97udr4ldsk25bdxp4v9u 
       foreign key (social_network_type_id) 
       references social_network_type
Hibernate: 
    alter table if exists social_network 
       add constraint FKddhxbhb3yt1pgd61cjxwsilrl 
       foreign key (user_id) 
       references usuario
Hibernate: 
    alter table if exists user_has_ability 
       add constraint FKer2ur7h3euo9x1p6lgw0k0fe9 
       foreign key (ability_id) 
       references ability
Hibernate: 
    alter table if exists user_has_ability 
       add constraint FKn4lilmqb90ipy0596y1v3utgb 
       foreign key (user_id) 
       references usuario
Hibernate: 
    alter table if exists usuario 
       add constraint FK7acvvx1yg03a45e2et7a996nc 
       foreign key (address_id) 
       references address
Hibernate: 
    alter table if exists video 
       add constraint FKf22lgo8fbt6veapmvngfm70lh 
       foreign key (user_id) 
       references usuario
2024-03-12T10:37:45.894-03:00  INFO 29281 --- [           main] j.LocalContainerEntityManagerFactoryBean : Initialized JPA EntityManagerFactory for persistence unit 'default'
2024-03-12T10:37:46.460-03:00  INFO 29281 --- [           main] o.s.d.j.r.query.QueryEnhancerFactory     : Hibernate is in classpath; If applicable, HQL parser will be used.
2024-03-12T10:37:47.150-03:00  WARN 29281 --- [           main] JpaBaseConfiguration$JpaWebConfiguration : spring.jpa.open-in-view is enabled by default. Therefore, database queries may be performed during view rendering. Explicitly configure spring.jpa.open-in-view to disable this warning
2024-03-12T10:37:47.908-03:00  INFO 29281 --- [           main] o.s.s.web.DefaultSecurityFilterChain     : Will secure any request with [org.springframework.security.web.session.DisableEncodeUrlFilter@60035f1e, org.springframework.security.web.context.request.async.WebAsyncManagerIntegrationFilter@5827908c, org.springframework.security.web.context.SecurityContextHolderFilter@188ccb6c, org.springframework.security.web.header.HeaderWriterFilter@2efda33d, org.springframework.web.filter.CorsFilter@732ffb6a, org.springframework.security.web.authentication.logout.LogoutFilter@48e7e2ca, com.example.EditMatch.configuration.security.AutenticacaoFilter@1b61c1, org.springframework.security.web.savedrequest.RequestCacheAwareFilter@4a0934a8, org.springframework.security.web.servletapi.SecurityContextHolderAwareRequestFilter@4cf66f73, org.springframework.security.web.authentication.AnonymousAuthenticationFilter@5ed83e36, org.springframework.security.web.session.SessionManagementFilter@7b4268e2, org.springframework.security.web.access.ExceptionTranslationFilter@4df3b838, org.springframework.security.web.access.intercept.AuthorizationFilter@292237cd]
2024-03-12T10:37:48.672-03:00  INFO 29281 --- [           main] o.s.b.a.h2.H2ConsoleAutoConfiguration    : H2 console available at '/h2-console'. Database available at 'jdbc:h2:mem:editMatch'
2024-03-12T10:37:48.720-03:00  INFO 29281 --- [           main] o.s.b.a.e.web.EndpointLinksResolver      : Exposing 1 endpoint(s) beneath base path '/actuator'
2024-03-12T10:37:48.782-03:00  INFO 29281 --- [           main] o.s.m.s.b.SimpleBrokerMessageHandler     : Starting...
2024-03-12T10:37:48.782-03:00  INFO 29281 --- [           main] o.s.m.s.b.SimpleBrokerMessageHandler     : BrokerAvailabilityEvent[available=true, SimpleBrokerMessageHandler [org.springframework.messaging.simp.broker.DefaultSubscriptionRegistry@36f329e7]]
2024-03-12T10:37:48.783-03:00  INFO 29281 --- [           main] o.s.m.s.b.SimpleBrokerMessageHandler     : Started.
2024-03-12T10:37:48.796-03:00  INFO 29281 --- [           main] c.e.EditMatch.EditMatchApplicationTests  : Started EditMatchApplicationTests in 6.007 seconds (process running for 6.848)
]]></system-out>
  </testcase>
</testsuite>